bitmain_firmware/ANTMINER-Z15-user-800M-202007031139_6134/fw/uramdisk.no_header.image_extract/bin/busybox
bitmain_firmware/ANTMINER-Z15-user-800M-202007031139_6134/fw/uramdisk.no_header.image_extract/bin/tinylogin
bitmain_firmware/ANTMINER-Z15-user-800M-202007031139_6134/fw/uramdisk.no_header.image_extract/lib/libcrypto.so.1.0.0
bitmain_firmware/ANTMINER-Z15-user-800M-202007031139_6134/fw/uramdisk.no_header.image_extract/usr/bin/cgminer
bitmain_firmware/ANTMINER-Z15-user-800M-202007031139_6134/fw/uramdisk.no_header.image_extract/usr/bin/cgminer-api
bitmain_firmware/ANTMINER-Z15-user-800M-202007031139_6134/fw/uramdisk.no_header.image_extract/usr/bin/miner-monitor
bitmain_firmware/ANTMINER-Z15-user-800M-202007031139_6134/fw/uramdisk.no_header.image_extract/usr/bin/monitor-ipsig
bitmain_firmware/ANTMINER-Z15-user-800M-202007031139_6134/fw/uramdisk.no_header.image_extract/usr/bin/monitor-recobtn
bitmain_firmware/ANTMINER-Z15-user-800M-202007031139_6134/fw/uramdisk.no_header.image_extract/usr/bin/ntpd
bitmain_firmware/ANTMINER-Z15-user-800M-202007031139_6134/fw/uramdisk.no_header.image_extract/usr/bin/ntpdate
bitmain_firmware/ANTMINER-Z15-user-800M-202007031139_6134/fw/uramdisk.no_header.image_extract/usr/bin/stunnel
bitmain_firmware/ANTMINER-Z15-user-800M-202007031139_6134/fw/uramdisk.no_header.image_extract/usr/lib/libgpg-error.so.0.9.0
bitmain_firmware/ANTMINER-Z15-user-800M-202007031139_6134/fw/uramdisk.no_header.image_extract/usr/lib/libjansson.so.4.5.0
bitmain_firmware/ANTMINER-Z15-user-800M-202007031139_6134/fw/uramdisk.no_header.image_extract/usr/lib/libperl.so.5.14.3
bitmain_firmware/ANTMINER-Z15-user-800M-202007031139_6134/fw/uramdisk.no_header.image_extract/usr/sbin/lighttpd
bitmain_firmware/Antminer-Z15e-user-release-202101121616/fw/uramdisk.no_header.image_extract/bin/busybox
bitmain_firmware/Antminer-Z15e-user-release-202101121616/fw/uramdisk.no_header.image_extract/bin/login.shadow
bitmain_firmware/Antminer-Z15e-user-release-202101121616/fw/uramdisk.no_header.image_extract/bin/mountpoint.sysvinit
bitmain_firmware/Antminer-Z15e-user-release-202101121616/fw/uramdisk.no_header.image_extract/bin/tinylogin
bitmain_firmware/Antminer-Z15e-user-release-202101121616/fw/uramdisk.no_header.image_extract/bin/udevadm
bitmain_firmware/Antminer-Z15e-user-release-202101121616/fw/uramdisk.no_header.image_extract/lib/ld-2.17.so
bitmain_firmware/Antminer-Z15e-user-release-202101121616/fw/uramdisk.no_header.image_extract/lib/libBrokenLocale-2.17.so
bitmain_firmware/Antminer-Z15e-user-release-202101121616/fw/uramdisk.no_header.image_extract/lib/libacl.so.1.1.0
bitmain_firmware/Antminer-Z15e-user-release-202101121616/fw/uramdisk.no_header.image_extract/lib/libanl-2.17.so
bitmain_firmware/Antminer-Z15e-user-release-202101121616/fw/uramdisk.no_header.image_extract/lib/libattr.so.1.1.0
bitmain_firmware/Antminer-Z15e-user-release-202101121616/fw/uramdisk.no_header.image_extract/lib/libblkid.so.1.1.0
bitmain_firmware/Antminer-Z15e-user-release-202101121616/fw/uramdisk.no_header.image_extract/lib/libc-2.17.so
bitmain_firmware/Antminer-Z15e-user-release-202101121616/fw/uramdisk.no_header.image_extract/lib/libcap.so.2.22
bitmain_firmware/Antminer-Z15e-user-release-202101121616/fw/uramdisk.no_header.image_extract/lib/libcrypt-2.17.so
bitmain_firmware/Antminer-Z15e-user-release-202101121616/fw/uramdisk.no_header.image_extract/lib/libcrypto.so.1.0.0
bitmain_firmware/Antminer-Z15e-user-release-202101121616/fw/uramdisk.no_header.image_extract/lib/libdl-2.17.so
bitmain_firmware/Antminer-Z15e-user-release-202101121616/fw/uramdisk.no_header.image_extract/lib/libgcc_s.so.1
bitmain_firmware/Antminer-Z15e-user-release-202101121616/fw/uramdisk.no_header.image_extract/lib/libm-2.17.so
bitmain_firmware/Antminer-Z15e-user-release-202101121616/fw/uramdisk.no_header.image_extract/lib/libncurses.so.5.9
bitmain_firmware/Antminer-Z15e-user-release-202101121616/fw/uramdisk.no_header.image_extract/lib/libnsl-2.17.so
bitmain_firmware/Antminer-Z15e-user-release-202101121616/fw/uramdisk.no_header.image_extract/lib/libnss_compat-2.17.so
bitmain_firmware/Antminer-Z15e-user-release-202101121616/fw/uramdisk.no_header.image_extract/lib/libnss_dns-2.17.so
bitmain_firmware/Antminer-Z15e-user-release-202101121616/fw/uramdisk.no_header.image_extract/lib/libnss_files-2.17.so
bitmain_firmware/Antminer-Z15e-user-release-202101121616/fw/uramdisk.no_header.image_extract/lib/libnss_mdns.so.2
bitmain_firmware/Antminer-Z15e-user-release-202101121616/fw/uramdisk.no_header.image_extract/lib/libnss_mdns4.so.2
bitmain_firmware/Antminer-Z15e-user-release-202101121616/fw/uramdisk.no_header.image_extract/lib/libnss_mdns4_minimal.so.2
bitmain_firmware/Antminer-Z15e-user-release-202101121616/fw/uramdisk.no_header.image_extract/lib/libnss_mdns6.so.2
bitmain_firmware/Antminer-Z15e-user-release-202101121616/fw/uramdisk.no_header.image_extract/lib/libnss_mdns6_minimal.so.2
bitmain_firmware/Antminer-Z15e-user-release-202101121616/fw/uramdisk.no_header.image_extract/lib/libnss_mdns_minimal.so.2
bitmain_firmware/Antminer-Z15e-user-release-202101121616/fw/uramdisk.no_header.image_extract/lib/libpam.so.0.83.1
bitmain_firmware/Antminer-Z15e-user-release-202101121616/fw/uramdisk.no_header.image_extract/lib/libpam_misc.so.0.82.0
bitmain_firmware/Antminer-Z15e-user-release-202101121616/fw/uramdisk.no_header.image_extract/lib/libpamc.so.0.82.1
bitmain_firmware/Antminer-Z15e-user-release-202101121616/fw/uramdisk.no_header.image_extract/lib/libpthread-2.17.so
bitmain_firmware/Antminer-Z15e-user-release-202101121616/fw/uramdisk.no_header.image_extract/lib/libresolv-2.17.so
bitmain_firmware/Antminer-Z15e-user-release-202101121616/fw/uramdisk.no_header.image_extract/lib/librt-2.17.so
bitmain_firmware/Antminer-Z15e-user-release-202101121616/fw/uramdisk.no_header.image_extract/lib/libthread_db-1.0.so
bitmain_firmware/Antminer-Z15e-user-release-202101121616/fw/uramdisk.no_header.image_extract/lib/libtinfo.so.5.9
bitmain_firmware/Antminer-Z15e-user-release-202101121616/fw/uramdisk.no_header.image_extract/lib/libudev.so.1.4.0
bitmain_firmware/Antminer-Z15e-user-release-202101121616/fw/uramdisk.no_header.image_extract/lib/libutil-2.17.so
bitmain_firmware/Antminer-Z15e-user-release-202101121616/fw/uramdisk.no_header.image_extract/lib/libuuid.so.1.3.0
bitmain_firmware/Antminer-Z15e-user-release-202101121616/fw/uramdisk.no_header.image_extract/lib/libwrap.so.0.7.6
bitmain_firmware/Antminer-Z15e-user-release-202101121616/fw/uramdisk.no_header.image_extract/lib/modules/bitmain_axi.ko
bitmain_firmware/Antminer-Z15e-user-release-202101121616/fw/uramdisk.no_header.image_extract/lib/modules/fpga_mem_driver.ko
bitmain_firmware/Antminer-Z15e-user-release-202101121616/fw/uramdisk.no_header.image_extract/lib/security/pam_cap.so
bitmain_firmware/Antminer-Z15e-user-release-202101121616/fw/uramdisk.no_header.image_extract/lib/security/pam_deny.so
bitmain_firmware/Antminer-Z15e-user-release-202101121616/fw/uramdisk.no_header.image_extract/lib/security/pam_env.so
bitmain_firmware/Antminer-Z15e-user-release-202101121616/fw/uramdisk.no_header.image_extract/lib/security/pam_faildelay.so
bitmain_firmware/Antminer-Z15e-user-release-202101121616/fw/uramdisk.no_header.image_extract/lib/security/pam_group.so
bitmain_firmware/Antminer-Z15e-user-release-202101121616/fw/uramdisk.no_header.image_extract/lib/security/pam_lastlog.so
bitmain_firmware/Antminer-Z15e-user-release-202101121616/fw/uramdisk.no_header.image_extract/lib/security/pam_limits.so
bitmain_firmware/Antminer-Z15e-user-release-202101121616/fw/uramdisk.no_header.image_extract/lib/security/pam_mail.so
bitmain_firmware/Antminer-Z15e-user-release-202101121616/fw/uramdisk.no_header.image_extract/lib/security/pam_motd.so
bitmain_firmware/Antminer-Z15e-user-release-202101121616/fw/uramdisk.no_header.image_extract/lib/security/pam_nologin.so
bitmain_firmware/Antminer-Z15e-user-release-202101121616/fw/uramdisk.no_header.image_extract/lib/security/pam_permit.so
bitmain_firmware/Antminer-Z15e-user-release-202101121616/fw/uramdisk.no_header.image_extract/lib/security/pam_rootok.so
bitmain_firmware/Antminer-Z15e-user-release-202101121616/fw/uramdisk.no_header.image_extract/lib/security/pam_securetty.so
bitmain_firmware/Antminer-Z15e-user-release-202101121616/fw/uramdisk.no_header.image_extract/lib/security/pam_shells.so
bitmain_firmware/Antminer-Z15e-user-release-202101121616/fw/uramdisk.no_header.image_extract/lib/security/pam_unix.so
bitmain_firmware/Antminer-Z15e-user-release-202101121616/fw/uramdisk.no_header.image_extract/lib/security/pam_warn.so
bitmain_firmware/Antminer-Z15e-user-release-202101121616/fw/uramdisk.no_header.image_extract/lib/systemd/systemd-udevd
bitmain_firmware/Antminer-Z15e-user-release-202101121616/fw/uramdisk.no_header.image_extract/lib/udev/accelerometer
bitmain_firmware/Antminer-Z15e-user-release-202101121616/fw/uramdisk.no_header.image_extract/lib/udev/ata_id
bitmain_firmware/Antminer-Z15e-user-release-202101121616/fw/uramdisk.no_header.image_extract/lib/udev/cdrom_id
bitmain_firmware/Antminer-Z15e-user-release-202101121616/fw/uramdisk.no_header.image_extract/lib/udev/collect
bitmain_firmware/Antminer-Z15e-user-release-202101121616/fw/uramdisk.no_header.image_extract/lib/udev/mtd_probe
bitmain_firmware/Antminer-Z15e-user-release-202101121616/fw/uramdisk.no_header.image_extract/lib/udev/scsi_id
bitmain_firmware/Antminer-Z15e-user-release-202101121616/fw/uramdisk.no_header.image_extract/lib/udev/v4l_id
bitmain_firmware/Antminer-Z15e-user-release-202101121616/fw/uramdisk.no_header.image_extract/sbin/bootlogd
bitmain_firmware/Antminer-Z15e-user-release-202101121616/fw/uramdisk.no_header.image_extract/sbin/fstab-decode
bitmain_firmware/Antminer-Z15e-user-release-202101121616/fw/uramdisk.no_header.image_extract/sbin/halt.sysvinit
bitmain_firmware/Antminer-Z15e-user-release-202101121616/fw/uramdisk.no_header.image_extract/sbin/init.sysvinit
bitmain_firmware/Antminer-Z15e-user-release-202101121616/fw/uramdisk.no_header.image_extract/sbin/killall5
bitmain_firmware/Antminer-Z15e-user-release-202101121616/fw/uramdisk.no_header.image_extract/sbin/ldconfig
bitmain_firmware/Antminer-Z15e-user-release-202101121616/fw/uramdisk.no_header.image_extract/sbin/nologin
bitmain_firmware/Antminer-Z15e-user-release-202101121616/fw/uramdisk.no_header.image_extract/sbin/runlevel.sysvinit
bitmain_firmware/Antminer-Z15e-user-release-202101121616/fw/uramdisk.no_header.image_extract/sbin/shutdown.sysvinit
bitmain_firmware/Antminer-Z15e-user-release-202101121616/fw/uramdisk.no_header.image_extract/sbin/vipw.shadow
bitmain_firmware/Antminer-Z15e-user-release-202101121616/fw/uramdisk.no_header.image_extract/usr/bin/cgminer
bitmain_firmware/Antminer-Z15e-user-release-202101121616/fw/uramdisk.no_header.image_extract/usr/bin/cgminer-api
bitmain_firmware/Antminer-Z15e-user-release-202101121616/fw/uramdisk.no_header.image_extract/usr/bin/chage
bitmain_firmware/Antminer-Z15e-user-release-202101121616/fw/uramdisk.no_header.image_extract/usr/bin/chfn.shadow
bitmain_firmware/Antminer-Z15e-user-release-202101121616/fw/uramdisk.no_header.image_extract/usr/bin/chsh.shadow
bitmain_firmware/Antminer-Z15e-user-release-202101121616/fw/uramdisk.no_header.image_extract/usr/bin/curl
bitmain_firmware/Antminer-Z15e-user-release-202101121616/fw/uramdisk.no_header.image_extract/usr/bin/devmem2
bitmain_firmware/Antminer-Z15e-user-release-202101121616/fw/uramdisk.no_header.image_extract/usr/bin/dtc
bitmain_firmware/Antminer-Z15e-user-release-202101121616/fw/uramdisk.no_header.image_extract/usr/bin/expiry
bitmain_firmware/Antminer-Z15e-user-release-202101121616/fw/uramdisk.no_header.image_extract/usr/bin/faillog
bitmain_firmware/Antminer-Z15e-user-release-202101121616/fw/uramdisk.no_header.image_extract/usr/bin/fdtdump
bitmain_firmware/Antminer-Z15e-user-release-202101121616/fw/uramdisk.no_header.image_extract/usr/bin/fdtget
bitmain_firmware/Antminer-Z15e-user-release-202101121616/fw/uramdisk.no_header.image_extract/usr/bin/fdtput
bitmain_firmware/Antminer-Z15e-user-release-202101121616/fw/uramdisk.no_header.image_extract/usr/bin/gdb
bitmain_firmware/Antminer-Z15e-user-release-202101121616/fw/uramdisk.no_header.image_extract/usr/bin/gpasswd
bitmain_firmware/Antminer-Z15e-user-release-202101121616/fw/uramdisk.no_header.image_extract/usr/bin/groups.shadow
bitmain_firmware/Antminer-Z15e-user-release-202101121616/fw/uramdisk.no_header.image_extract/usr/bin/id2mac
bitmain_firmware/Antminer-Z15e-user-release-202101121616/fw/uramdisk.no_header.image_extract/usr/bin/last.sysvinit
bitmain_firmware/Antminer-Z15e-user-release-202101121616/fw/uramdisk.no_header.image_extract/usr/bin/lastlog
bitmain_firmware/Antminer-Z15e-user-release-202101121616/fw/uramdisk.no_header.image_extract/usr/bin/led-blink
bitmain_firmware/Antminer-Z15e-user-release-202101121616/fw/uramdisk.no_header.image_extract/usr/bin/mesg.sysvinit
bitmain_firmware/Antminer-Z15e-user-release-202101121616/fw/uramdisk.no_header.image_extract/usr/bin/miner-monitor
bitmain_firmware/Antminer-Z15e-user-release-202101121616/fw/uramdisk.no_header.image_extract/usr/bin/monitor-ipsig
bitmain_firmware/Antminer-Z15e-user-release-202101121616/fw/uramdisk.no_header.image_extract/usr/bin/monitor-recobtn
bitmain_firmware/Antminer-Z15e-user-release-202101121616/fw/uramdisk.no_header.image_extract/usr/bin/newgrp.shadow
bitmain_firmware/Antminer-Z15e-user-release-202101121616/fw/uramdisk.no_header.image_extract/usr/bin/ntpd
bitmain_firmware/Antminer-Z15e-user-release-202101121616/fw/uramdisk.no_header.image_extract/usr/bin/ntpdate
bitmain_firmware/Antminer-Z15e-user-release-202101121616/fw/uramdisk.no_header.image_extract/usr/bin/openssl
bitmain_firmware/Antminer-Z15e-user-release-202101121616/fw/uramdisk.no_header.image_extract/usr/bin/opkg-cl
bitmain_firmware/Antminer-Z15e-user-release-202101121616/fw/uramdisk.no_header.image_extract/usr/bin/passwd.shadow
bitmain_firmware/Antminer-Z15e-user-release-202101121616/fw/uramdisk.no_header.image_extract/usr/bin/perl5.14.3
bitmain_firmware/Antminer-Z15e-user-release-202101121616/fw/uramdisk.no_header.image_extract/usr/bin/screen-4.0.3
bitmain_firmware/Antminer-Z15e-user-release-202101121616/fw/uramdisk.no_header.image_extract/usr/bin/stunnel
bitmain_firmware/Antminer-Z15e-user-release-202101121616/fw/uramdisk.no_header.image_extract/usr/bin/su
bitmain_firmware/Antminer-Z15e-user-release-202101121616/fw/uramdisk.no_header.image_extract/usr/bin/tickadj
bitmain_firmware/Antminer-Z15e-user-release-202101121616/fw/uramdisk.no_header.image_extract/usr/bin/utmpdump.sysvinit
bitmain_firmware/Antminer-Z15e-user-release-202101121616/fw/uramdisk.no_header.image_extract/usr/bin/wall.sysvinit
bitmain_firmware/Antminer-Z15e-user-release-202101121616/fw/uramdisk.no_header.image_extract/usr/lib/eglibc/pt_chown
bitmain_firmware/Antminer-Z15e-user-release-202101121616/fw/uramdisk.no_header.image_extract/usr/lib/libavahi-common.so.3.5.3
bitmain_firmware/Antminer-Z15e-user-release-202101121616/fw/uramdisk.no_header.image_extract/usr/lib/libavahi-core.so.7.0.2
bitmain_firmware/Antminer-Z15e-user-release-202101121616/fw/uramdisk.no_header.image_extract/usr/lib/libcurl.so.5.3.0
bitmain_firmware/Antminer-Z15e-user-release-202101121616/fw/uramdisk.no_header.image_extract/usr/lib/libdaemon.so.0.5.0
bitmain_firmware/Antminer-Z15e-user-release-202101121616/fw/uramdisk.no_header.image_extract/usr/lib/libexpat.so.1.6.0
bitmain_firmware/Antminer-Z15e-user-release-202101121616/fw/uramdisk.no_header.image_extract/usr/lib/libfdt.so.1
bitmain_firmware/Antminer-Z15e-user-release-202101121616/fw/uramdisk.no_header.image_extract/usr/lib/libgcrypt.so.11.7.0
bitmain_firmware/Antminer-Z15e-user-release-202101121616/fw/uramdisk.no_header.image_extract/usr/lib/libgnutls.so.26.22.6
bitmain_firmware/Antminer-Z15e-user-release-202101121616/fw/uramdisk.no_header.image_extract/usr/lib/libgpg-error.so.0.9.0
bitmain_firmware/Antminer-Z15e-user-release-202101121616/fw/uramdisk.no_header.image_extract/usr/lib/libhistory.so.6.2
bitmain_firmware/Antminer-Z15e-user-release-202101121616/fw/uramdisk.no_header.image_extract/usr/lib/libjansson.so.4.5.0
bitmain_firmware/Antminer-Z15e-user-release-202101121616/fw/uramdisk.no_header.image_extract/usr/lib/libkmod.so.2.2.4
bitmain_firmware/Antminer-Z15e-user-release-202101121616/fw/uramdisk.no_header.image_extract/usr/lib/libopkg.so.1.0.0
bitmain_firmware/Antminer-Z15e-user-release-202101121616/fw/uramdisk.no_header.image_extract/usr/lib/libpcre.so.1.2.0
bitmain_firmware/Antminer-Z15e-user-release-202101121616/fw/uramdisk.no_header.image_extract/usr/lib/libperl.so.5.14.3
bitmain_firmware/Antminer-Z15e-user-release-202101121616/fw/uramdisk.no_header.image_extract/usr/lib/libreadline.so.6.2
bitmain_firmware/Antminer-Z15e-user-release-202101121616/fw/uramdisk.no_header.image_extract/usr/lib/libssl.so.1.0.0
bitmain_firmware/Antminer-Z15e-user-release-202101121616/fw/uramdisk.no_header.image_extract/usr/lib/libtasn1.so.3.2.0
bitmain_firmware/Antminer-Z15e-user-release-202101121616/fw/uramdisk.no_header.image_extract/usr/lib/libz.so.1.2.7
bitmain_firmware/Antminer-Z15e-user-release-202101121616/fw/uramdisk.no_header.image_extract/usr/lib/mod_access.so
bitmain_firmware/Antminer-Z15e-user-release-202101121616/fw/uramdisk.no_header.image_extract/usr/lib/mod_accesslog.so
bitmain_firmware/Antminer-Z15e-user-release-202101121616/fw/uramdisk.no_header.image_extract/usr/lib/mod_auth.so
bitmain_firmware/Antminer-Z15e-user-release-202101121616/fw/uramdisk.no_header.image_extract/usr/lib/mod_cgi.so
bitmain_firmware/Antminer-Z15e-user-release-202101121616/fw/uramdisk.no_header.image_extract/usr/lib/mod_dirlisting.so
bitmain_firmware/Antminer-Z15e-user-release-202101121616/fw/uramdisk.no_header.image_extract/usr/lib/mod_expire.so
bitmain_firmware/Antminer-Z15e-user-release-202101121616/fw/uramdisk.no_header.image_extract/usr/lib/mod_indexfile.so
bitmain_firmware/Antminer-Z15e-user-release-202101121616/fw/uramdisk.no_header.image_extract/usr/lib/mod_staticfile.so
bitmain_firmware/Antminer-Z15e-user-release-202101121616/fw/uramdisk.no_header.image_extract/usr/lib/stunnel/libstunnel.so
bitmain_firmware/Antminer-Z15e-user-release-202101121616/fw/uramdisk.no_header.image_extract/usr/sbin/avahi-daemon
bitmain_firmware/Antminer-Z15e-user-release-202101121616/fw/uramdisk.no_header.image_extract/usr/sbin/chgpasswd
bitmain_firmware/Antminer-Z15e-user-release-202101121616/fw/uramdisk.no_header.image_extract/usr/sbin/chpasswd.shadow
bitmain_firmware/Antminer-Z15e-user-release-202101121616/fw/uramdisk.no_header.image_extract/usr/sbin/dropbearmulti
bitmain_firmware/Antminer-Z15e-user-release-202101121616/fw/uramdisk.no_header.image_extract/usr/sbin/eeprog
bitmain_firmware/Antminer-Z15e-user-release-202101121616/fw/uramdisk.no_header.image_extract/usr/sbin/eeprom
bitmain_firmware/Antminer-Z15e-user-release-202101121616/fw/uramdisk.no_header.image_extract/usr/sbin/eepromer
bitmain_firmware/Antminer-Z15e-user-release-202101121616/fw/uramdisk.no_header.image_extract/usr/sbin/flash_erase
bitmain_firmware/Antminer-Z15e-user-release-202101121616/fw/uramdisk.no_header.image_extract/usr/sbin/flash_lock
bitmain_firmware/Antminer-Z15e-user-release-202101121616/fw/uramdisk.no_header.image_extract/usr/sbin/flash_otp_dump
bitmain_firmware/Antminer-Z15e-user-release-202101121616/fw/uramdisk.no_header.image_extract/usr/sbin/flash_otp_info
bitmain_firmware/Antminer-Z15e-user-release-202101121616/fw/uramdisk.no_header.image_extract/usr/sbin/flash_unlock
bitmain_firmware/Antminer-Z15e-user-release-202101121616/fw/uramdisk.no_header.image_extract/usr/sbin/flashcp
bitmain_firmware/Antminer-Z15e-user-release-202101121616/fw/uramdisk.no_header.image_extract/usr/sbin/groupadd
bitmain_firmware/Antminer-Z15e-user-release-202101121616/fw/uramdisk.no_header.image_extract/usr/sbin/groupdel
bitmain_firmware/Antminer-Z15e-user-release-202101121616/fw/uramdisk.no_header.image_extract/usr/sbin/groupmems
bitmain_firmware/Antminer-Z15e-user-release-202101121616/fw/uramdisk.no_header.image_extract/usr/sbin/groupmod
bitmain_firmware/Antminer-Z15e-user-release-202101121616/fw/uramdisk.no_header.image_extract/usr/sbin/grpck
bitmain_firmware/Antminer-Z15e-user-release-202101121616/fw/uramdisk.no_header.image_extract/usr/sbin/grpconv
bitmain_firmware/Antminer-Z15e-user-release-202101121616/fw/uramdisk.no_header.image_extract/usr/sbin/grpunconv
bitmain_firmware/Antminer-Z15e-user-release-202101121616/fw/uramdisk.no_header.image_extract/usr/sbin/i2cdetect
bitmain_firmware/Antminer-Z15e-user-release-202101121616/fw/uramdisk.no_header.image_extract/usr/sbin/i2cdump
bitmain_firmware/Antminer-Z15e-user-release-202101121616/fw/uramdisk.no_header.image_extract/usr/sbin/i2cget
bitmain_firmware/Antminer-Z15e-user-release-202101121616/fw/uramdisk.no_header.image_extract/usr/sbin/i2cset
bitmain_firmware/Antminer-Z15e-user-release-202101121616/fw/uramdisk.no_header.image_extract/usr/sbin/lighttpd
bitmain_firmware/Antminer-Z15e-user-release-202101121616/fw/uramdisk.no_header.image_extract/usr/sbin/lighttpd-angel
bitmain_firmware/Antminer-Z15e-user-release-202101121616/fw/uramdisk.no_header.image_extract/usr/sbin/logoutd
bitmain_firmware/Antminer-Z15e-user-release-202101121616/fw/uramdisk.no_header.image_extract/usr/sbin/mtd_debug
bitmain_firmware/Antminer-Z15e-user-release-202101121616/fw/uramdisk.no_header.image_extract/usr/sbin/mtdinfo
bitmain_firmware/Antminer-Z15e-user-release-202101121616/fw/uramdisk.no_header.image_extract/usr/sbin/nanddump
bitmain_firmware/Antminer-Z15e-user-release-202101121616/fw/uramdisk.no_header.image_extract/usr/sbin/nandtest
bitmain_firmware/Antminer-Z15e-user-release-202101121616/fw/uramdisk.no_header.image_extract/usr/sbin/nandwrite
bitmain_firmware/Antminer-Z15e-user-release-202101121616/fw/uramdisk.no_header.image_extract/usr/sbin/newusers
bitmain_firmware/Antminer-Z15e-user-release-202101121616/fw/uramdisk.no_header.image_extract/usr/sbin/pwck
bitmain_firmware/Antminer-Z15e-user-release-202101121616/fw/uramdisk.no_header.image_extract/usr/sbin/pwconv
bitmain_firmware/Antminer-Z15e-user-release-202101121616/fw/uramdisk.no_header.image_extract/usr/sbin/pwunconv
bitmain_firmware/Antminer-Z15e-user-release-202101121616/fw/uramdisk.no_header.image_extract/usr/sbin/unix_chkpwd
bitmain_firmware/Antminer-Z15e-user-release-202101121616/fw/uramdisk.no_header.image_extract/usr/sbin/unix_update
bitmain_firmware/Antminer-Z15e-user-release-202101121616/fw/uramdisk.no_header.image_extract/usr/sbin/useradd
bitmain_firmware/Antminer-Z15e-user-release-202101121616/fw/uramdisk.no_header.image_extract/usr/sbin/userdel
bitmain_firmware/Antminer-Z15e-user-release-202101121616/fw/uramdisk.no_header.image_extract/usr/sbin/usermod
bitmain_firmware/Antminer-Z15j-user-release-202012141801/fw/uramdisk.no_header.image_extract/usr/bin/cgminer
bitmain_firmware/Z15-zhiju/bitmain_axi.ko
bitmain_firmware/Z15-zhiju/devmem2
bitmain_firmware/Z15-zhiju/fpga_mem_driver.ko
bitmain_firmware/Z15-zhiju/fpgaminer-api
bitmain_firmware/Z15-zhiju/gdb
bitmain_firmware/Z15-zhiju/lcd12864I_driver.ko
bitmain_firmware/Z15-zhiju/lcd_test
bitmain_firmware/Z15-zhiju/lib/ld-linux-armhf.so.3
bitmain_firmware/Z15-zhiju/lib/libBrokenLocale-2.17.so
bitmain_firmware/Z15-zhiju/lib/libacl.so.1
bitmain_firmware/Z15-zhiju/lib/libanl.so.1
bitmain_firmware/Z15-zhiju/lib/libattr.so.1.1.0
bitmain_firmware/Z15-zhiju/lib/libblkid.so.1
bitmain_firmware/Z15-zhiju/lib/libc.so.6
bitmain_firmware/Z15-zhiju/lib/libcap.so.2
bitmain_firmware/Z15-zhiju/lib/libcrypt-2.17.so
bitmain_firmware/Z15-zhiju/lib/libcrypto.so.1.0.0
bitmain_firmware/Z15-zhiju/lib/libdl-2.17.so
bitmain_firmware/Z15-zhiju/lib/libgcc_s.so.1
bitmain_firmware/Z15-zhiju/lib/libm.so.6
bitmain_firmware/Z15-zhiju/lib/libncurses.so.5
bitmain_firmware/Z15-zhiju/lib/libnsl.so.1
bitmain_firmware/Z15-zhiju/lib/libnss_compat.so.2
bitmain_firmware/Z15-zhiju/lib/libnss_dns.so.2
bitmain_firmware/Z15-zhiju/lib/libnss_files.so.2
bitmain_firmware/Z15-zhiju/lib/libnss_mdns.so.2
bitmain_firmware/Z15-zhiju/lib/libnss_mdns4.so.2
bitmain_firmware/Z15-zhiju/lib/libnss_mdns4_minimal.so.2
bitmain_firmware/Z15-zhiju/lib/libnss_mdns6.so.2
bitmain_firmware/Z15-zhiju/lib/libnss_mdns6_minimal.so.2
bitmain_firmware/Z15-zhiju/lib/libnss_mdns_minimal.so.2
bitmain_firmware/Z15-zhiju/lib/libpam.so.0.83.1
bitmain_firmware/Z15-zhiju/lib/libpam_misc.so.0.82.0
bitmain_firmware/Z15-zhiju/lib/libpamc.so.0
bitmain_firmware/Z15-zhiju/lib/libpthread-2.17.so
bitmain_firmware/Z15-zhiju/lib/libresolv.so.2
bitmain_firmware/Z15-zhiju/lib/librt.so.1
bitmain_firmware/Z15-zhiju/lib/libthread_db-1.0.so
bitmain_firmware/Z15-zhiju/lib/libtinfo.so.5.9
bitmain_firmware/Z15-zhiju/lib/libudev.so.1.4.0
bitmain_firmware/Z15-zhiju/lib/libutil.so.1
bitmain_firmware/Z15-zhiju/lib/libuuid.so.1.3.0
bitmain_firmware/Z15-zhiju/lib/libwrap.so.0.7.6
bitmain_firmware/Z15-zhiju/single-board-test
bitmain_firmware/Z15-zhiju/uramdisk.no_header.image_extract/bin/busybox
bitmain_firmware/Z15-zhiju/uramdisk.no_header.image_extract/bin/login.shadow
bitmain_firmware/Z15-zhiju/uramdisk.no_header.image_extract/bin/mountpoint.sysvinit
bitmain_firmware/Z15-zhiju/uramdisk.no_header.image_extract/bin/tinylogin
bitmain_firmware/Z15-zhiju/uramdisk.no_header.image_extract/bin/udevadm
bitmain_firmware/Z15-zhiju/uramdisk.no_header.image_extract/lib/ld-2.17.so
bitmain_firmware/Z15-zhiju/uramdisk.no_header.image_extract/lib/libBrokenLocale-2.17.so
bitmain_firmware/Z15-zhiju/uramdisk.no_header.image_extract/lib/libacl.so.1.1.0
bitmain_firmware/Z15-zhiju/uramdisk.no_header.image_extract/lib/libanl-2.17.so
bitmain_firmware/Z15-zhiju/uramdisk.no_header.image_extract/lib/libattr.so.1.1.0
bitmain_firmware/Z15-zhiju/uramdisk.no_header.image_extract/lib/libblkid.so.1.1.0
bitmain_firmware/Z15-zhiju/uramdisk.no_header.image_extract/lib/libc-2.17.so
bitmain_firmware/Z15-zhiju/uramdisk.no_header.image_extract/lib/libcap.so.2.22
bitmain_firmware/Z15-zhiju/uramdisk.no_header.image_extract/lib/libcrypt-2.17.so
bitmain_firmware/Z15-zhiju/uramdisk.no_header.image_extract/lib/libcrypto.so.1.0.0
bitmain_firmware/Z15-zhiju/uramdisk.no_header.image_extract/lib/libdl-2.17.so
bitmain_firmware/Z15-zhiju/uramdisk.no_header.image_extract/lib/libgcc_s.so.1
bitmain_firmware/Z15-zhiju/uramdisk.no_header.image_extract/lib/libm-2.17.so
bitmain_firmware/Z15-zhiju/uramdisk.no_header.image_extract/lib/libncurses.so.5.9
bitmain_firmware/Z15-zhiju/uramdisk.no_header.image_extract/lib/libnsl-2.17.so
bitmain_firmware/Z15-zhiju/uramdisk.no_header.image_extract/lib/libnss_compat-2.17.so
bitmain_firmware/Z15-zhiju/uramdisk.no_header.image_extract/lib/libnss_dns-2.17.so
bitmain_firmware/Z15-zhiju/uramdisk.no_header.image_extract/lib/libnss_files-2.17.so
bitmain_firmware/Z15-zhiju/uramdisk.no_header.image_extract/lib/libnss_mdns.so.2
bitmain_firmware/Z15-zhiju/uramdisk.no_header.image_extract/lib/libnss_mdns4.so.2
bitmain_firmware/Z15-zhiju/uramdisk.no_header.image_extract/lib/libnss_mdns4_minimal.so.2
bitmain_firmware/Z15-zhiju/uramdisk.no_header.image_extract/lib/libnss_mdns6.so.2
bitmain_firmware/Z15-zhiju/uramdisk.no_header.image_extract/lib/libnss_mdns6_minimal.so.2
bitmain_firmware/Z15-zhiju/uramdisk.no_header.image_extract/lib/libnss_mdns_minimal.so.2
bitmain_firmware/Z15-zhiju/uramdisk.no_header.image_extract/lib/libpam.so.0.83.1
bitmain_firmware/Z15-zhiju/uramdisk.no_header.image_extract/lib/libpam_misc.so.0.82.0
bitmain_firmware/Z15-zhiju/uramdisk.no_header.image_extract/lib/libpamc.so.0.82.1
bitmain_firmware/Z15-zhiju/uramdisk.no_header.image_extract/lib/libpthread-2.17.so
bitmain_firmware/Z15-zhiju/uramdisk.no_header.image_extract/lib/libresolv-2.17.so
bitmain_firmware/Z15-zhiju/uramdisk.no_header.image_extract/lib/librt-2.17.so
bitmain_firmware/Z15-zhiju/uramdisk.no_header.image_extract/lib/libthread_db-1.0.so
bitmain_firmware/Z15-zhiju/uramdisk.no_header.image_extract/lib/libtinfo.so.5.9
bitmain_firmware/Z15-zhiju/uramdisk.no_header.image_extract/lib/libudev.so.1.4.0
bitmain_firmware/Z15-zhiju/uramdisk.no_header.image_extract/lib/libutil-2.17.so
bitmain_firmware/Z15-zhiju/uramdisk.no_header.image_extract/lib/libuuid.so.1.3.0
bitmain_firmware/Z15-zhiju/uramdisk.no_header.image_extract/lib/libwrap.so.0.7.6
bitmain_firmware/Z15-zhiju/uramdisk.no_header.image_extract/lib/security/pam_cap.so
bitmain_firmware/Z15-zhiju/uramdisk.no_header.image_extract/lib/security/pam_deny.so
bitmain_firmware/Z15-zhiju/uramdisk.no_header.image_extract/lib/security/pam_env.so
bitmain_firmware/Z15-zhiju/uramdisk.no_header.image_extract/lib/security/pam_faildelay.so
bitmain_firmware/Z15-zhiju/uramdisk.no_header.image_extract/lib/security/pam_group.so
bitmain_firmware/Z15-zhiju/uramdisk.no_header.image_extract/lib/security/pam_lastlog.so
bitmain_firmware/Z15-zhiju/uramdisk.no_header.image_extract/lib/security/pam_limits.so
bitmain_firmware/Z15-zhiju/uramdisk.no_header.image_extract/lib/security/pam_mail.so
bitmain_firmware/Z15-zhiju/uramdisk.no_header.image_extract/lib/security/pam_motd.so
bitmain_firmware/Z15-zhiju/uramdisk.no_header.image_extract/lib/security/pam_nologin.so
bitmain_firmware/Z15-zhiju/uramdisk.no_header.image_extract/lib/security/pam_permit.so
bitmain_firmware/Z15-zhiju/uramdisk.no_header.image_extract/lib/security/pam_rootok.so
bitmain_firmware/Z15-zhiju/uramdisk.no_header.image_extract/lib/security/pam_securetty.so
bitmain_firmware/Z15-zhiju/uramdisk.no_header.image_extract/lib/security/pam_shells.so
bitmain_firmware/Z15-zhiju/uramdisk.no_header.image_extract/lib/security/pam_unix.so
bitmain_firmware/Z15-zhiju/uramdisk.no_header.image_extract/lib/security/pam_warn.so
bitmain_firmware/Z15-zhiju/uramdisk.no_header.image_extract/lib/systemd/systemd-udevd
bitmain_firmware/Z15-zhiju/uramdisk.no_header.image_extract/lib/udev/accelerometer
bitmain_firmware/Z15-zhiju/uramdisk.no_header.image_extract/lib/udev/ata_id
bitmain_firmware/Z15-zhiju/uramdisk.no_header.image_extract/lib/udev/cdrom_id
bitmain_firmware/Z15-zhiju/uramdisk.no_header.image_extract/lib/udev/collect
bitmain_firmware/Z15-zhiju/uramdisk.no_header.image_extract/lib/udev/mtd_probe
bitmain_firmware/Z15-zhiju/uramdisk.no_header.image_extract/lib/udev/scsi_id
bitmain_firmware/Z15-zhiju/uramdisk.no_header.image_extract/lib/udev/v4l_id
bitmain_firmware/Z15-zhiju/uramdisk.no_header.image_extract/sbin/bootlogd
bitmain_firmware/Z15-zhiju/uramdisk.no_header.image_extract/sbin/fstab-decode
bitmain_firmware/Z15-zhiju/uramdisk.no_header.image_extract/sbin/halt.sysvinit
bitmain_firmware/Z15-zhiju/uramdisk.no_header.image_extract/sbin/init.sysvinit
bitmain_firmware/Z15-zhiju/uramdisk.no_header.image_extract/sbin/killall5
bitmain_firmware/Z15-zhiju/uramdisk.no_header.image_extract/sbin/ldconfig
bitmain_firmware/Z15-zhiju/uramdisk.no_header.image_extract/sbin/nologin
bitmain_firmware/Z15-zhiju/uramdisk.no_header.image_extract/sbin/runlevel.sysvinit
bitmain_firmware/Z15-zhiju/uramdisk.no_header.image_extract/sbin/shutdown.sysvinit
bitmain_firmware/Z15-zhiju/uramdisk.no_header.image_extract/sbin/vipw.shadow
bitmain_firmware/Z15-zhiju/uramdisk.no_header.image_extract/usr/bin/cgminer
bitmain_firmware/Z15-zhiju/uramdisk.no_header.image_extract/usr/bin/cgminer-api
bitmain_firmware/Z15-zhiju/uramdisk.no_header.image_extract/usr/bin/chage
bitmain_firmware/Z15-zhiju/uramdisk.no_header.image_extract/usr/bin/chfn.shadow
bitmain_firmware/Z15-zhiju/uramdisk.no_header.image_extract/usr/bin/chsh.shadow
bitmain_firmware/Z15-zhiju/uramdisk.no_header.image_extract/usr/bin/curl
bitmain_firmware/Z15-zhiju/uramdisk.no_header.image_extract/usr/bin/dtc
bitmain_firmware/Z15-zhiju/uramdisk.no_header.image_extract/usr/bin/expiry
bitmain_firmware/Z15-zhiju/uramdisk.no_header.image_extract/usr/bin/faillog
bitmain_firmware/Z15-zhiju/uramdisk.no_header.image_extract/usr/bin/fdtdump
bitmain_firmware/Z15-zhiju/uramdisk.no_header.image_extract/usr/bin/fdtget
bitmain_firmware/Z15-zhiju/uramdisk.no_header.image_extract/usr/bin/fdtput
bitmain_firmware/Z15-zhiju/uramdisk.no_header.image_extract/usr/bin/gdb
bitmain_firmware/Z15-zhiju/uramdisk.no_header.image_extract/usr/bin/gpasswd
bitmain_firmware/Z15-zhiju/uramdisk.no_header.image_extract/usr/bin/groups.shadow
bitmain_firmware/Z15-zhiju/uramdisk.no_header.image_extract/usr/bin/last.sysvinit
bitmain_firmware/Z15-zhiju/uramdisk.no_header.image_extract/usr/bin/lastlog
bitmain_firmware/Z15-zhiju/uramdisk.no_header.image_extract/usr/bin/led-blink
bitmain_firmware/Z15-zhiju/uramdisk.no_header.image_extract/usr/bin/mesg.sysvinit
bitmain_firmware/Z15-zhiju/uramdisk.no_header.image_extract/usr/bin/miner-monitor
bitmain_firmware/Z15-zhiju/uramdisk.no_header.image_extract/usr/bin/monitor-ipsig
bitmain_firmware/Z15-zhiju/uramdisk.no_header.image_extract/usr/bin/monitor-recobtn
bitmain_firmware/Z15-zhiju/uramdisk.no_header.image_extract/usr/bin/newgrp.shadow
bitmain_firmware/Z15-zhiju/uramdisk.no_header.image_extract/usr/bin/ntpd
bitmain_firmware/Z15-zhiju/uramdisk.no_header.image_extract/usr/bin/ntpdate
bitmain_firmware/Z15-zhiju/uramdisk.no_header.image_extract/usr/bin/openssl
bitmain_firmware/Z15-zhiju/uramdisk.no_header.image_extract/usr/bin/opkg-cl
bitmain_firmware/Z15-zhiju/uramdisk.no_header.image_extract/usr/bin/passwd.shadow
bitmain_firmware/Z15-zhiju/uramdisk.no_header.image_extract/usr/bin/perl5.14.3
bitmain_firmware/Z15-zhiju/uramdisk.no_header.image_extract/usr/bin/screen-4.0.3
bitmain_firmware/Z15-zhiju/uramdisk.no_header.image_extract/usr/bin/stunnel
bitmain_firmware/Z15-zhiju/uramdisk.no_header.image_extract/usr/bin/su
bitmain_firmware/Z15-zhiju/uramdisk.no_header.image_extract/usr/bin/tickadj
bitmain_firmware/Z15-zhiju/uramdisk.no_header.image_extract/usr/bin/utmpdump.sysvinit
bitmain_firmware/Z15-zhiju/uramdisk.no_header.image_extract/usr/bin/wall.sysvinit
bitmain_firmware/Z15-zhiju/uramdisk.no_header.image_extract/usr/lib/eglibc/pt_chown
bitmain_firmware/Z15-zhiju/uramdisk.no_header.image_extract/usr/lib/libavahi-common.so.3.5.3
bitmain_firmware/Z15-zhiju/uramdisk.no_header.image_extract/usr/lib/libavahi-core.so.7.0.2
bitmain_firmware/Z15-zhiju/uramdisk.no_header.image_extract/usr/lib/libcurl.so.5.3.0
bitmain_firmware/Z15-zhiju/uramdisk.no_header.image_extract/usr/lib/libdaemon.so.0.5.0
bitmain_firmware/Z15-zhiju/uramdisk.no_header.image_extract/usr/lib/libexpat.so.1.6.0
bitmain_firmware/Z15-zhiju/uramdisk.no_header.image_extract/usr/lib/libfdt.so.1
bitmain_firmware/Z15-zhiju/uramdisk.no_header.image_extract/usr/lib/libgcrypt.so.11.7.0
bitmain_firmware/Z15-zhiju/uramdisk.no_header.image_extract/usr/lib/libgnutls.so.26.22.6
bitmain_firmware/Z15-zhiju/uramdisk.no_header.image_extract/usr/lib/libgpg-error.so.0.9.0
bitmain_firmware/Z15-zhiju/uramdisk.no_header.image_extract/usr/lib/libhistory.so.6.2
bitmain_firmware/Z15-zhiju/uramdisk.no_header.image_extract/usr/lib/libjansson.so.4.5.0
bitmain_firmware/Z15-zhiju/uramdisk.no_header.image_extract/usr/lib/libkmod.so.2.2.4
bitmain_firmware/Z15-zhiju/uramdisk.no_header.image_extract/usr/lib/libopkg.so.1.0.0
bitmain_firmware/Z15-zhiju/uramdisk.no_header.image_extract/usr/lib/libpcre.so.1.2.0
bitmain_firmware/Z15-zhiju/uramdisk.no_header.image_extract/usr/lib/libperl.so.5.14.3
bitmain_firmware/Z15-zhiju/uramdisk.no_header.image_extract/usr/lib/libreadline.so.6.2
bitmain_firmware/Z15-zhiju/uramdisk.no_header.image_extract/usr/lib/libssl.so.1.0.0
bitmain_firmware/Z15-zhiju/uramdisk.no_header.image_extract/usr/lib/libtasn1.so.3.2.0
bitmain_firmware/Z15-zhiju/uramdisk.no_header.image_extract/usr/lib/libz.so.1.2.7
bitmain_firmware/Z15-zhiju/uramdisk.no_header.image_extract/usr/lib/mod_access.so
bitmain_firmware/Z15-zhiju/uramdisk.no_header.image_extract/usr/lib/mod_accesslog.so
bitmain_firmware/Z15-zhiju/uramdisk.no_header.image_extract/usr/lib/mod_auth.so
bitmain_firmware/Z15-zhiju/uramdisk.no_header.image_extract/usr/lib/mod_cgi.so
bitmain_firmware/Z15-zhiju/uramdisk.no_header.image_extract/usr/lib/mod_dirlisting.so
bitmain_firmware/Z15-zhiju/uramdisk.no_header.image_extract/usr/lib/mod_expire.so
bitmain_firmware/Z15-zhiju/uramdisk.no_header.image_extract/usr/lib/mod_indexfile.so
bitmain_firmware/Z15-zhiju/uramdisk.no_header.image_extract/usr/lib/mod_staticfile.so
bitmain_firmware/Z15-zhiju/uramdisk.no_header.image_extract/usr/lib/stunnel/libstunnel.so
bitmain_firmware/Z15-zhiju/uramdisk.no_header.image_extract/usr/sbin/avahi-daemon
bitmain_firmware/Z15-zhiju/uramdisk.no_header.image_extract/usr/sbin/chgpasswd
bitmain_firmware/Z15-zhiju/uramdisk.no_header.image_extract/usr/sbin/chpasswd.shadow
bitmain_firmware/Z15-zhiju/uramdisk.no_header.image_extract/usr/sbin/dropbearmulti
bitmain_firmware/Z15-zhiju/uramdisk.no_header.image_extract/usr/sbin/eeprog
bitmain_firmware/Z15-zhiju/uramdisk.no_header.image_extract/usr/sbin/eeprom
bitmain_firmware/Z15-zhiju/uramdisk.no_header.image_extract/usr/sbin/eepromer
bitmain_firmware/Z15-zhiju/uramdisk.no_header.image_extract/usr/sbin/flash_erase
bitmain_firmware/Z15-zhiju/uramdisk.no_header.image_extract/usr/sbin/flash_lock
bitmain_firmware/Z15-zhiju/uramdisk.no_header.image_extract/usr/sbin/flash_otp_dump
bitmain_firmware/Z15-zhiju/uramdisk.no_header.image_extract/usr/sbin/flash_otp_info
bitmain_firmware/Z15-zhiju/uramdisk.no_header.image_extract/usr/sbin/flash_unlock
bitmain_firmware/Z15-zhiju/uramdisk.no_header.image_extract/usr/sbin/flashcp
bitmain_firmware/Z15-zhiju/uramdisk.no_header.image_extract/usr/sbin/groupadd
bitmain_firmware/Z15-zhiju/uramdisk.no_header.image_extract/usr/sbin/groupdel
bitmain_firmware/Z15-zhiju/uramdisk.no_header.image_extract/usr/sbin/groupmems
bitmain_firmware/Z15-zhiju/uramdisk.no_header.image_extract/usr/sbin/groupmod
bitmain_firmware/Z15-zhiju/uramdisk.no_header.image_extract/usr/sbin/grpck
bitmain_firmware/Z15-zhiju/uramdisk.no_header.image_extract/usr/sbin/grpconv
bitmain_firmware/Z15-zhiju/uramdisk.no_header.image_extract/usr/sbin/grpunconv
bitmain_firmware/Z15-zhiju/uramdisk.no_header.image_extract/usr/sbin/i2cdetect
bitmain_firmware/Z15-zhiju/uramdisk.no_header.image_extract/usr/sbin/i2cdump
bitmain_firmware/Z15-zhiju/uramdisk.no_header.image_extract/usr/sbin/i2cget
bitmain_firmware/Z15-zhiju/uramdisk.no_header.image_extract/usr/sbin/i2cset
bitmain_firmware/Z15-zhiju/uramdisk.no_header.image_extract/usr/sbin/lighttpd
bitmain_firmware/Z15-zhiju/uramdisk.no_header.image_extract/usr/sbin/lighttpd-angel
bitmain_firmware/Z15-zhiju/uramdisk.no_header.image_extract/usr/sbin/logoutd
bitmain_firmware/Z15-zhiju/uramdisk.no_header.image_extract/usr/sbin/mtd_debug
bitmain_firmware/Z15-zhiju/uramdisk.no_header.image_extract/usr/sbin/mtdinfo
bitmain_firmware/Z15-zhiju/uramdisk.no_header.image_extract/usr/sbin/nanddump
bitmain_firmware/Z15-zhiju/uramdisk.no_header.image_extract/usr/sbin/nandtest
bitmain_firmware/Z15-zhiju/uramdisk.no_header.image_extract/usr/sbin/nandwrite
bitmain_firmware/Z15-zhiju/uramdisk.no_header.image_extract/usr/sbin/newusers
bitmain_firmware/Z15-zhiju/uramdisk.no_header.image_extract/usr/sbin/pwck
bitmain_firmware/Z15-zhiju/uramdisk.no_header.image_extract/usr/sbin/pwconv
bitmain_firmware/Z15-zhiju/uramdisk.no_header.image_extract/usr/sbin/pwunconv
bitmain_firmware/Z15-zhiju/uramdisk.no_header.image_extract/usr/sbin/unix_chkpwd
bitmain_firmware/Z15-zhiju/uramdisk.no_header.image_extract/usr/sbin/unix_update
bitmain_firmware/Z15-zhiju/uramdisk.no_header.image_extract/usr/sbin/useradd
bitmain_firmware/Z15-zhiju/uramdisk.no_header.image_extract/usr/sbin/userdel
bitmain_firmware/Z15-zhiju/uramdisk.no_header.image_extract/usr/sbin/usermod
bitmain_firmware/Z15-zhiju/usr/lib/libavahi-common.so.3.5.3
bitmain_firmware/Z15-zhiju/usr/lib/libavahi-core.so.7
bitmain_firmware/Z15-zhiju/usr/lib/libcurl.so.5
bitmain_firmware/Z15-zhiju/usr/lib/libdaemon.so.0.5.0
bitmain_firmware/Z15-zhiju/usr/lib/libexpat.so.1.6.0
bitmain_firmware/Z15-zhiju/usr/lib/libfdt.so.1
bitmain_firmware/Z15-zhiju/usr/lib/libgcrypt.so.11
bitmain_firmware/Z15-zhiju/usr/lib/libgnutls.so.26.22.6
bitmain_firmware/Z15-zhiju/usr/lib/libgpg-error.so.0
bitmain_firmware/Z15-zhiju/usr/lib/libhistory.so.6.2
bitmain_firmware/Z15-zhiju/usr/lib/libjansson.so.4.5.0
bitmain_firmware/Z15-zhiju/usr/lib/libkmod.so.2
bitmain_firmware/Z15-zhiju/usr/lib/libopkg.so.1.0.0
bitmain_firmware/Z15-zhiju/usr/lib/libpcre.so.1.2.0
bitmain_firmware/Z15-zhiju/usr/lib/libperl.so.5
bitmain_firmware/Z15-zhiju/usr/lib/libreadline.so.6.2
bitmain_firmware/Z15-zhiju/usr/lib/libssl.so.1.0.0
bitmain_firmware/Z15-zhiju/usr/lib/libtasn1.so.3
bitmain_firmware/Z15-zhiju/usr/lib/libz.so.1.2.7
bitmain_firmware/Z15-zhiju/usr/lib/mod_access.so
bitmain_firmware/Z15-zhiju/usr/lib/mod_accesslog.so
bitmain_firmware/Z15-zhiju/usr/lib/mod_auth.so
bitmain_firmware/Z15-zhiju/usr/lib/mod_cgi.so
bitmain_firmware/Z15-zhiju/usr/lib/mod_dirlisting.so
bitmain_firmware/Z15-zhiju/usr/lib/mod_expire.so
bitmain_firmware/Z15-zhiju/usr/lib/mod_indexfile.so
bitmain_firmware/Z15-zhiju/usr/lib/mod_staticfile.so
bitmain_firmware/Z15_SD_card_recovery_image/bin/uramdisk.no_header.image_extract/usr/bin/cgminer
bitmain_firmware/Z15_SD_card_recovery_image/bin/uramdisk.no_header.image_extract/usr/sbin/lighttpd
bitmain_firmware/Z15_SD_card_recovery_image/uramdisk.no_header.image_extract/usr/sbin/lighttpd
bitmain_firmware/z15pro-flash-card-7007/bin/update/minerfs.no_header.image_extract/bin/busybox
bitmain_firmware/z15pro-flash-card-7007/bin/update/minerfs.no_header.image_extract/lib/modules/bitmain_axi.ko
bitmain_firmware/z15pro-flash-card-7007/bin/update/minerfs.no_header.image_extract/lib/modules/fpga_mem_driver.ko
bitmain_firmware/z15pro-flash-card-7007/bin/update/minerfs.no_header.image_extract/sbin/id2mac
bitmain_firmware/z15pro-flash-card-7007/bin/update/minerfs.no_header.image_extract/usr/bin/FileParser
bitmain_firmware/z15pro-flash-card-7007/bin/update/minerfs.no_header.image_extract/usr/bin/cgminer-api
bitmain_firmware/z15pro-flash-card-7007/bin/update/minerfs.no_header.image_extract/usr/bin/cvtsudoers
bitmain_firmware/z15pro-flash-card-7007/bin/update/minerfs.no_header.image_extract/usr/bin/godminer
bitmain_firmware/z15pro-flash-card-7007/bin/update/minerfs.no_header.image_extract/usr/bin/jq
bitmain_firmware/z15pro-flash-card-7007/bin/update/minerfs.no_header.image_extract/usr/bin/kmod
bitmain_firmware/z15pro-flash-card-7007/bin/update/minerfs.no_header.image_extract/usr/bin/monitor-ipsig
bitmain_firmware/z15pro-flash-card-7007/bin/update/minerfs.no_header.image_extract/usr/bin/monitor-recobtn
bitmain_firmware/z15pro-flash-card-7007/bin/update/minerfs.no_header.image_extract/usr/bin/netcat
bitmain_firmware/z15pro-flash-card-7007/bin/update/minerfs.no_header.image_extract/usr/bin/ntpdate
bitmain_firmware/z15pro-flash-card-7007/bin/update/minerfs.no_header.image_extract/usr/bin/sudo
bitmain_firmware/z15pro-flash-card-7007/bin/update/minerfs.no_header.image_extract/usr/bin/sudoreplay
bitmain_firmware/z15pro-flash-card-7007/bin/update/minerfs.no_header.image_extract/usr/bin/xmlwf
bitmain_firmware/z15pro-flash-card-7007/bin/update/minerfs.no_header.image_extract/usr/lib/libavahi-common.so.3.5.3
bitmain_firmware/z15pro-flash-card-7007/bin/update/minerfs.no_header.image_extract/usr/lib/libavahi-core.so.7.0.2
bitmain_firmware/z15pro-flash-card-7007/bin/update/minerfs.no_header.image_extract/usr/lib/libcrypto.so.1.1
bitmain_firmware/z15pro-flash-card-7007/bin/update/minerfs.no_header.image_extract/usr/lib/libip4tc.so.2.0.0
bitmain_firmware/z15pro-flash-card-7007/bin/update/minerfs.no_header.image_extract/usr/lib/libip6tc.so.2.0.0
bitmain_firmware/z15pro-flash-card-7007/bin/update/minerfs.no_header.image_extract/usr/lib/libiptc.so.0.0.0
bitmain_firmware/z15pro-flash-card-7007/bin/update/minerfs.no_header.image_extract/usr/lib/libkmod.so.2.3.3
bitmain_firmware/z15pro-flash-card-7007/bin/update/minerfs.no_header.image_extract/usr/lib/libxtables.so.12.2.0
bitmain_firmware/z15pro-flash-card-7007/bin/update/minerfs.no_header.image_extract/usr/lib/libzlog.so.1.2
bitmain_firmware/z15pro-flash-card-7007/bin/update/minerfs.no_header.image_extract/usr/lib/lighttpd/mod_access.so
bitmain_firmware/z15pro-flash-card-7007/bin/update/minerfs.no_header.image_extract/usr/lib/lighttpd/mod_accesslog.so
bitmain_firmware/z15pro-flash-card-7007/bin/update/minerfs.no_header.image_extract/usr/lib/lighttpd/mod_alias.so
bitmain_firmware/z15pro-flash-card-7007/bin/update/minerfs.no_header.image_extract/usr/lib/lighttpd/mod_auth.so
bitmain_firmware/z15pro-flash-card-7007/bin/update/minerfs.no_header.image_extract/usr/lib/lighttpd/mod_cgi.so
bitmain_firmware/z15pro-flash-card-7007/bin/update/minerfs.no_header.image_extract/usr/lib/lighttpd/mod_cml.so
bitmain_firmware/z15pro-flash-card-7007/bin/update/minerfs.no_header.image_extract/usr/lib/lighttpd/mod_compress.so
bitmain_firmware/z15pro-flash-card-7007/bin/update/minerfs.no_header.image_extract/usr/lib/lighttpd/mod_dirlisting.so
bitmain_firmware/z15pro-flash-card-7007/bin/update/minerfs.no_header.image_extract/usr/lib/lighttpd/mod_evasive.so
bitmain_firmware/z15pro-flash-card-7007/bin/update/minerfs.no_header.image_extract/usr/lib/lighttpd/mod_evhost.so
bitmain_firmware/z15pro-flash-card-7007/bin/update/minerfs.no_header.image_extract/usr/lib/lighttpd/mod_expire.so
bitmain_firmware/z15pro-flash-card-7007/bin/update/minerfs.no_header.image_extract/usr/lib/lighttpd/mod_extforward.so
bitmain_firmware/z15pro-flash-card-7007/bin/update/minerfs.no_header.image_extract/usr/lib/lighttpd/mod_fastcgi.so
bitmain_firmware/z15pro-flash-card-7007/bin/update/minerfs.no_header.image_extract/usr/lib/lighttpd/mod_flv_streaming.so
bitmain_firmware/z15pro-flash-card-7007/bin/update/minerfs.no_header.image_extract/usr/lib/lighttpd/mod_indexfile.so
bitmain_firmware/z15pro-flash-card-7007/bin/update/minerfs.no_header.image_extract/usr/lib/lighttpd/mod_magnet.so
bitmain_firmware/z15pro-flash-card-7007/bin/update/minerfs.no_header.image_extract/usr/lib/lighttpd/mod_mysql_vhost.so
bitmain_firmware/z15pro-flash-card-7007/bin/update/minerfs.no_header.image_extract/usr/lib/lighttpd/mod_proxy.so
bitmain_firmware/z15pro-flash-card-7007/bin/update/minerfs.no_header.image_extract/usr/lib/lighttpd/mod_redirect.so
bitmain_firmware/z15pro-flash-card-7007/bin/update/minerfs.no_header.image_extract/usr/lib/lighttpd/mod_rewrite.so
bitmain_firmware/z15pro-flash-card-7007/bin/update/minerfs.no_header.image_extract/usr/lib/lighttpd/mod_rrdtool.so
bitmain_firmware/z15pro-flash-card-7007/bin/update/minerfs.no_header.image_extract/usr/lib/lighttpd/mod_scgi.so
bitmain_firmware/z15pro-flash-card-7007/bin/update/minerfs.no_header.image_extract/usr/lib/lighttpd/mod_secdownload.so
bitmain_firmware/z15pro-flash-card-7007/bin/update/minerfs.no_header.image_extract/usr/lib/lighttpd/mod_setenv.so
bitmain_firmware/z15pro-flash-card-7007/bin/update/minerfs.no_header.image_extract/usr/lib/lighttpd/mod_simple_vhost.so
bitmain_firmware/z15pro-flash-card-7007/bin/update/minerfs.no_header.image_extract/usr/lib/lighttpd/mod_ssi.so
bitmain_firmware/z15pro-flash-card-7007/bin/update/minerfs.no_header.image_extract/usr/lib/lighttpd/mod_staticfile.so
bitmain_firmware/z15pro-flash-card-7007/bin/update/minerfs.no_header.image_extract/usr/lib/lighttpd/mod_status.so
bitmain_firmware/z15pro-flash-card-7007/bin/update/minerfs.no_header.image_extract/usr/lib/lighttpd/mod_trigger_b4_dl.so
bitmain_firmware/z15pro-flash-card-7007/bin/update/minerfs.no_header.image_extract/usr/lib/lighttpd/mod_userdir.so
bitmain_firmware/z15pro-flash-card-7007/bin/update/minerfs.no_header.image_extract/usr/lib/lighttpd/mod_usertrack.so
bitmain_firmware/z15pro-flash-card-7007/bin/update/minerfs.no_header.image_extract/usr/lib/lighttpd/mod_webdav.so
bitmain_firmware/z15pro-flash-card-7007/bin/update/minerfs.no_header.image_extract/usr/lib/xtables/libip6t_DNAT.so
bitmain_firmware/z15pro-flash-card-7007/bin/update/minerfs.no_header.image_extract/usr/lib/xtables/libip6t_DNPT.so
bitmain_firmware/z15pro-flash-card-7007/bin/update/minerfs.no_header.image_extract/usr/lib/xtables/libip6t_HL.so
bitmain_firmware/z15pro-flash-card-7007/bin/update/minerfs.no_header.image_extract/usr/lib/xtables/libip6t_LOG.so
bitmain_firmware/z15pro-flash-card-7007/bin/update/minerfs.no_header.image_extract/usr/lib/xtables/libip6t_MASQUERADE.so
bitmain_firmware/z15pro-flash-card-7007/bin/update/minerfs.no_header.image_extract/usr/lib/xtables/libip6t_NETMAP.so
bitmain_firmware/z15pro-flash-card-7007/bin/update/minerfs.no_header.image_extract/usr/lib/xtables/libip6t_REDIRECT.so
bitmain_firmware/z15pro-flash-card-7007/bin/update/minerfs.no_header.image_extract/usr/lib/xtables/libip6t_REJECT.so
bitmain_firmware/z15pro-flash-card-7007/bin/update/minerfs.no_header.image_extract/usr/lib/xtables/libip6t_SNAT.so
bitmain_firmware/z15pro-flash-card-7007/bin/update/minerfs.no_header.image_extract/usr/lib/xtables/libip6t_SNPT.so
bitmain_firmware/z15pro-flash-card-7007/bin/update/minerfs.no_header.image_extract/usr/lib/xtables/libip6t_ah.so
bitmain_firmware/z15pro-flash-card-7007/bin/update/minerfs.no_header.image_extract/usr/lib/xtables/libip6t_dst.so
bitmain_firmware/z15pro-flash-card-7007/bin/update/minerfs.no_header.image_extract/usr/lib/xtables/libip6t_eui64.so
bitmain_firmware/z15pro-flash-card-7007/bin/update/minerfs.no_header.image_extract/usr/lib/xtables/libip6t_frag.so
bitmain_firmware/z15pro-flash-card-7007/bin/update/minerfs.no_header.image_extract/usr/lib/xtables/libip6t_hbh.so
bitmain_firmware/z15pro-flash-card-7007/bin/update/minerfs.no_header.image_extract/usr/lib/xtables/libip6t_hl.so
bitmain_firmware/z15pro-flash-card-7007/bin/update/minerfs.no_header.image_extract/usr/lib/xtables/libip6t_icmp6.so
bitmain_firmware/z15pro-flash-card-7007/bin/update/minerfs.no_header.image_extract/usr/lib/xtables/libip6t_ipv6header.so
bitmain_firmware/z15pro-flash-card-7007/bin/update/minerfs.no_header.image_extract/usr/lib/xtables/libip6t_mh.so
bitmain_firmware/z15pro-flash-card-7007/bin/update/minerfs.no_header.image_extract/usr/lib/xtables/libip6t_rt.so
bitmain_firmware/z15pro-flash-card-7007/bin/update/minerfs.no_header.image_extract/usr/lib/xtables/libip6t_srh.so
bitmain_firmware/z15pro-flash-card-7007/bin/update/minerfs.no_header.image_extract/usr/lib/xtables/libipt_CLUSTERIP.so
bitmain_firmware/z15pro-flash-card-7007/bin/update/minerfs.no_header.image_extract/usr/lib/xtables/libipt_DNAT.so
bitmain_firmware/z15pro-flash-card-7007/bin/update/minerfs.no_header.image_extract/usr/lib/xtables/libipt_ECN.so
bitmain_firmware/z15pro-flash-card-7007/bin/update/minerfs.no_header.image_extract/usr/lib/xtables/libipt_LOG.so
bitmain_firmware/z15pro-flash-card-7007/bin/update/minerfs.no_header.image_extract/usr/lib/xtables/libipt_MASQUERADE.so
bitmain_firmware/z15pro-flash-card-7007/bin/update/minerfs.no_header.image_extract/usr/lib/xtables/libipt_NETMAP.so
bitmain_firmware/z15pro-flash-card-7007/bin/update/minerfs.no_header.image_extract/usr/lib/xtables/libipt_REDIRECT.so
bitmain_firmware/z15pro-flash-card-7007/bin/update/minerfs.no_header.image_extract/usr/lib/xtables/libipt_REJECT.so
bitmain_firmware/z15pro-flash-card-7007/bin/update/minerfs.no_header.image_extract/usr/lib/xtables/libipt_SNAT.so
bitmain_firmware/z15pro-flash-card-7007/bin/update/minerfs.no_header.image_extract/usr/lib/xtables/libipt_TTL.so
bitmain_firmware/z15pro-flash-card-7007/bin/update/minerfs.no_header.image_extract/usr/lib/xtables/libipt_ULOG.so
bitmain_firmware/z15pro-flash-card-7007/bin/update/minerfs.no_header.image_extract/usr/lib/xtables/libipt_ah.so
bitmain_firmware/z15pro-flash-card-7007/bin/update/minerfs.no_header.image_extract/usr/lib/xtables/libipt_icmp.so
bitmain_firmware/z15pro-flash-card-7007/bin/update/minerfs.no_header.image_extract/usr/lib/xtables/libipt_realm.so
bitmain_firmware/z15pro-flash-card-7007/bin/update/minerfs.no_header.image_extract/usr/lib/xtables/libipt_ttl.so
bitmain_firmware/z15pro-flash-card-7007/bin/update/minerfs.no_header.image_extract/usr/lib/xtables/libxt_AUDIT.so
bitmain_firmware/z15pro-flash-card-7007/bin/update/minerfs.no_header.image_extract/usr/lib/xtables/libxt_CHECKSUM.so
bitmain_firmware/z15pro-flash-card-7007/bin/update/minerfs.no_header.image_extract/usr/lib/xtables/libxt_CLASSIFY.so
bitmain_firmware/z15pro-flash-card-7007/bin/update/minerfs.no_header.image_extract/usr/lib/xtables/libxt_CONNMARK.so
bitmain_firmware/z15pro-flash-card-7007/bin/update/minerfs.no_header.image_extract/usr/lib/xtables/libxt_CONNSECMARK.so
bitmain_firmware/z15pro-flash-card-7007/bin/update/minerfs.no_header.image_extract/usr/lib/xtables/libxt_CT.so
bitmain_firmware/z15pro-flash-card-7007/bin/update/minerfs.no_header.image_extract/usr/lib/xtables/libxt_DSCP.so
bitmain_firmware/z15pro-flash-card-7007/bin/update/minerfs.no_header.image_extract/usr/lib/xtables/libxt_HMARK.so
bitmain_firmware/z15pro-flash-card-7007/bin/update/minerfs.no_header.image_extract/usr/lib/xtables/libxt_IDLETIMER.so
bitmain_firmware/z15pro-flash-card-7007/bin/update/minerfs.no_header.image_extract/usr/lib/xtables/libxt_LED.so
bitmain_firmware/z15pro-flash-card-7007/bin/update/minerfs.no_header.image_extract/usr/lib/xtables/libxt_MARK.so
bitmain_firmware/z15pro-flash-card-7007/bin/update/minerfs.no_header.image_extract/usr/lib/xtables/libxt_NFLOG.so
bitmain_firmware/z15pro-flash-card-7007/bin/update/minerfs.no_header.image_extract/usr/lib/xtables/libxt_NFQUEUE.so
bitmain_firmware/z15pro-flash-card-7007/bin/update/minerfs.no_header.image_extract/usr/lib/xtables/libxt_RATEEST.so
bitmain_firmware/z15pro-flash-card-7007/bin/update/minerfs.no_header.image_extract/usr/lib/xtables/libxt_SECMARK.so
bitmain_firmware/z15pro-flash-card-7007/bin/update/minerfs.no_header.image_extract/usr/lib/xtables/libxt_SET.so
bitmain_firmware/z15pro-flash-card-7007/bin/update/minerfs.no_header.image_extract/usr/lib/xtables/libxt_SYNPROXY.so
bitmain_firmware/z15pro-flash-card-7007/bin/update/minerfs.no_header.image_extract/usr/lib/xtables/libxt_TCPMSS.so
bitmain_firmware/z15pro-flash-card-7007/bin/update/minerfs.no_header.image_extract/usr/lib/xtables/libxt_TCPOPTSTRIP.so
bitmain_firmware/z15pro-flash-card-7007/bin/update/minerfs.no_header.image_extract/usr/lib/xtables/libxt_TEE.so
bitmain_firmware/z15pro-flash-card-7007/bin/update/minerfs.no_header.image_extract/usr/lib/xtables/libxt_TOS.so
bitmain_firmware/z15pro-flash-card-7007/bin/update/minerfs.no_header.image_extract/usr/lib/xtables/libxt_TPROXY.so
bitmain_firmware/z15pro-flash-card-7007/bin/update/minerfs.no_header.image_extract/usr/lib/xtables/libxt_TRACE.so
bitmain_firmware/z15pro-flash-card-7007/bin/update/minerfs.no_header.image_extract/usr/lib/xtables/libxt_addrtype.so
bitmain_firmware/z15pro-flash-card-7007/bin/update/minerfs.no_header.image_extract/usr/lib/xtables/libxt_bpf.so
bitmain_firmware/z15pro-flash-card-7007/bin/update/minerfs.no_header.image_extract/usr/lib/xtables/libxt_cgroup.so
bitmain_firmware/z15pro-flash-card-7007/bin/update/minerfs.no_header.image_extract/usr/lib/xtables/libxt_cluster.so
bitmain_firmware/z15pro-flash-card-7007/bin/update/minerfs.no_header.image_extract/usr/lib/xtables/libxt_comment.so
bitmain_firmware/z15pro-flash-card-7007/bin/update/minerfs.no_header.image_extract/usr/lib/xtables/libxt_connbytes.so
bitmain_firmware/z15pro-flash-card-7007/bin/update/minerfs.no_header.image_extract/usr/lib/xtables/libxt_connlimit.so
bitmain_firmware/z15pro-flash-card-7007/bin/update/minerfs.no_header.image_extract/usr/lib/xtables/libxt_connmark.so
bitmain_firmware/z15pro-flash-card-7007/bin/update/minerfs.no_header.image_extract/usr/lib/xtables/libxt_conntrack.so
bitmain_firmware/z15pro-flash-card-7007/bin/update/minerfs.no_header.image_extract/usr/lib/xtables/libxt_cpu.so
bitmain_firmware/z15pro-flash-card-7007/bin/update/minerfs.no_header.image_extract/usr/lib/xtables/libxt_dccp.so
bitmain_firmware/z15pro-flash-card-7007/bin/update/minerfs.no_header.image_extract/usr/lib/xtables/libxt_devgroup.so
bitmain_firmware/z15pro-flash-card-7007/bin/update/minerfs.no_header.image_extract/usr/lib/xtables/libxt_dscp.so
bitmain_firmware/z15pro-flash-card-7007/bin/update/minerfs.no_header.image_extract/usr/lib/xtables/libxt_ecn.so
bitmain_firmware/z15pro-flash-card-7007/bin/update/minerfs.no_header.image_extract/usr/lib/xtables/libxt_esp.so
bitmain_firmware/z15pro-flash-card-7007/bin/update/minerfs.no_header.image_extract/usr/lib/xtables/libxt_hashlimit.so
bitmain_firmware/z15pro-flash-card-7007/bin/update/minerfs.no_header.image_extract/usr/lib/xtables/libxt_helper.so
bitmain_firmware/z15pro-flash-card-7007/bin/update/minerfs.no_header.image_extract/usr/lib/xtables/libxt_ipcomp.so
bitmain_firmware/z15pro-flash-card-7007/bin/update/minerfs.no_header.image_extract/usr/lib/xtables/libxt_iprange.so
bitmain_firmware/z15pro-flash-card-7007/bin/update/minerfs.no_header.image_extract/usr/lib/xtables/libxt_ipvs.so
bitmain_firmware/z15pro-flash-card-7007/bin/update/minerfs.no_header.image_extract/usr/lib/xtables/libxt_length.so
bitmain_firmware/z15pro-flash-card-7007/bin/update/minerfs.no_header.image_extract/usr/lib/xtables/libxt_limit.so
bitmain_firmware/z15pro-flash-card-7007/bin/update/minerfs.no_header.image_extract/usr/lib/xtables/libxt_mac.so
bitmain_firmware/z15pro-flash-card-7007/bin/update/minerfs.no_header.image_extract/usr/lib/xtables/libxt_mark.so
bitmain_firmware/z15pro-flash-card-7007/bin/update/minerfs.no_header.image_extract/usr/lib/xtables/libxt_multiport.so
bitmain_firmware/z15pro-flash-card-7007/bin/update/minerfs.no_header.image_extract/usr/lib/xtables/libxt_nfacct.so
bitmain_firmware/z15pro-flash-card-7007/bin/update/minerfs.no_header.image_extract/usr/lib/xtables/libxt_osf.so
bitmain_firmware/z15pro-flash-card-7007/bin/update/minerfs.no_header.image_extract/usr/lib/xtables/libxt_owner.so
bitmain_firmware/z15pro-flash-card-7007/bin/update/minerfs.no_header.image_extract/usr/lib/xtables/libxt_physdev.so
bitmain_firmware/z15pro-flash-card-7007/bin/update/minerfs.no_header.image_extract/usr/lib/xtables/libxt_pkttype.so
bitmain_firmware/z15pro-flash-card-7007/bin/update/minerfs.no_header.image_extract/usr/lib/xtables/libxt_policy.so
bitmain_firmware/z15pro-flash-card-7007/bin/update/minerfs.no_header.image_extract/usr/lib/xtables/libxt_quota.so
bitmain_firmware/z15pro-flash-card-7007/bin/update/minerfs.no_header.image_extract/usr/lib/xtables/libxt_rateest.so
bitmain_firmware/z15pro-flash-card-7007/bin/update/minerfs.no_header.image_extract/usr/lib/xtables/libxt_recent.so
bitmain_firmware/z15pro-flash-card-7007/bin/update/minerfs.no_header.image_extract/usr/lib/xtables/libxt_rpfilter.so
bitmain_firmware/z15pro-flash-card-7007/bin/update/minerfs.no_header.image_extract/usr/lib/xtables/libxt_sctp.so
bitmain_firmware/z15pro-flash-card-7007/bin/update/minerfs.no_header.image_extract/usr/lib/xtables/libxt_set.so
bitmain_firmware/z15pro-flash-card-7007/bin/update/minerfs.no_header.image_extract/usr/lib/xtables/libxt_socket.so
bitmain_firmware/z15pro-flash-card-7007/bin/update/minerfs.no_header.image_extract/usr/lib/xtables/libxt_standard.so
bitmain_firmware/z15pro-flash-card-7007/bin/update/minerfs.no_header.image_extract/usr/lib/xtables/libxt_statistic.so
bitmain_firmware/z15pro-flash-card-7007/bin/update/minerfs.no_header.image_extract/usr/lib/xtables/libxt_string.so
bitmain_firmware/z15pro-flash-card-7007/bin/update/minerfs.no_header.image_extract/usr/lib/xtables/libxt_tcp.so
bitmain_firmware/z15pro-flash-card-7007/bin/update/minerfs.no_header.image_extract/usr/lib/xtables/libxt_tcpmss.so
bitmain_firmware/z15pro-flash-card-7007/bin/update/minerfs.no_header.image_extract/usr/lib/xtables/libxt_time.so
bitmain_firmware/z15pro-flash-card-7007/bin/update/minerfs.no_header.image_extract/usr/lib/xtables/libxt_tos.so
bitmain_firmware/z15pro-flash-card-7007/bin/update/minerfs.no_header.image_extract/usr/lib/xtables/libxt_u32.so
bitmain_firmware/z15pro-flash-card-7007/bin/update/minerfs.no_header.image_extract/usr/lib/xtables/libxt_udp.so
bitmain_firmware/z15pro-flash-card-7007/bin/update/minerfs.no_header.image_extract/usr/libexec/sudo/group_file.so
bitmain_firmware/z15pro-flash-card-7007/bin/update/minerfs.no_header.image_extract/usr/libexec/sudo/libsudo_util.so.0.0.0
bitmain_firmware/z15pro-flash-card-7007/bin/update/minerfs.no_header.image_extract/usr/libexec/sudo/sudo_noexec.so
bitmain_firmware/z15pro-flash-card-7007/bin/update/minerfs.no_header.image_extract/usr/libexec/sudo/sudoers.so
bitmain_firmware/z15pro-flash-card-7007/bin/update/minerfs.no_header.image_extract/usr/libexec/sudo/system_group.so
bitmain_firmware/z15pro-flash-card-7007/bin/update/minerfs.no_header.image_extract/usr/sbin/antlogin
bitmain_firmware/z15pro-flash-card-7007/bin/update/minerfs.no_header.image_extract/usr/sbin/avahi-autoipd
bitmain_firmware/z15pro-flash-card-7007/bin/update/minerfs.no_header.image_extract/usr/sbin/avahi-daemon
bitmain_firmware/z15pro-flash-card-7007/bin/update/minerfs.no_header.image_extract/usr/sbin/avahi-dnsconfd
bitmain_firmware/z15pro-flash-card-7007/bin/update/minerfs.no_header.image_extract/usr/sbin/dropbear
bitmain_firmware/z15pro-flash-card-7007/bin/update/minerfs.no_header.image_extract/usr/sbin/lighttpd
bitmain_firmware/z15pro-flash-card-7007/bin/update/minerfs.no_header.image_extract/usr/sbin/lighttpd-angel
bitmain_firmware/z15pro-flash-card-7007/bin/update/minerfs.no_header.image_extract/usr/sbin/ntpd
bitmain_firmware/z15pro-flash-card-7007/bin/update/minerfs.no_header.image_extract/usr/sbin/update-daemon
bitmain_firmware/z15pro-flash-card-7007/bin/update/minerfs.no_header.image_extract/usr/sbin/visudo
bitmain_firmware/z15pro-flash-card-7007/bin/update/minerfs.no_header.image_extract/usr/sbin/xtables-legacy-multi
bitmain_firmware/z15pro-flash-card-7007/bin/update/update.no_header.image_extract/bin/busybox
bitmain_firmware/z15pro-flash-card-7007/bin/update/update.no_header.image_extract/sbin/halt
bitmain_firmware/z15pro-flash-card-7007/bin/update/update.no_header.image_extract/sbin/init
bitmain_firmware/z15pro-flash-card-7007/bin/update/update.no_header.image_extract/sbin/killall5
bitmain_firmware/z15pro-flash-card-7007/bin/update/update.no_header.image_extract/sbin/shutdown
bitmain_firmware/z15pro-flash-card-7007/bin/update/update.no_header.image_extract/usr/bin/FileParser
bitmain_firmware/z15pro-flash-card-7007/bin/update/update.no_header.image_extract/usr/bin/netcat
bitmain_firmware/z15pro-flash-card-7007/bin/update/update.no_header.image_extract/usr/bin/openssl
bitmain_firmware/z15pro-flash-card-7007/bin/update/update.no_header.image_extract/usr/bin/xmlwf
bitmain_firmware/z15pro-flash-card-7007/bin/update/update.no_header.image_extract/usr/lib/libaio.so.1.0.1
bitmain_firmware/z15pro-flash-card-7007/bin/update/update.no_header.image_extract/usr/lib/libcrypto.so.1.1
bitmain_firmware/z15pro-flash-card-7007/bin/update/update.no_header.image_extract/usr/lib/libdaemon.so.0.5.0
bitmain_firmware/z15pro-flash-card-7007/bin/update/update.no_header.image_extract/usr/lib/libevent-2.1.so.6.0.2
bitmain_firmware/z15pro-flash-card-7007/bin/update/update.no_header.image_extract/usr/lib/libevent_core-2.1.so.6.0.2
bitmain_firmware/z15pro-flash-card-7007/bin/update/update.no_header.image_extract/usr/lib/libevent_extra-2.1.so.6.0.2
bitmain_firmware/z15pro-flash-card-7007/bin/update/update.no_header.image_extract/usr/lib/libevent_openssl-2.1.so.6.0.2
bitmain_firmware/z15pro-flash-card-7007/bin/update/update.no_header.image_extract/usr/lib/libevent_pthreads-2.1.so.6.0.2
bitmain_firmware/z15pro-flash-card-7007/bin/update/update.no_header.image_extract/usr/lib/libexpat.so.1.6.10
bitmain_firmware/z15pro-flash-card-7007/bin/update/update.no_header.image_extract/usr/lib/libssl.so.1.1
bitmain_firmware/z15pro-flash-card-7007/bin/update/update.no_header.image_extract/usr/lib/libz.so.1.2.11
bitmain_firmware/z15pro-flash-card-7007/bin/update/update.no_header.image_extract/usr/sbin/flash_erase
bitmain_firmware/z15pro-flash-card-7007/bin/update/update.no_header.image_extract/usr/sbin/mtdinfo
bitmain_firmware/z15pro-flash-card-7007/bin/update/update.no_header.image_extract/usr/sbin/nanddump
bitmain_firmware/z15pro-flash-card-7007/bin/update/update.no_header.image_extract/usr/sbin/nandwrite
bitmain_firmware/z15pro-flash-card-7007/bin/update/update.no_header.image_extract/usr/sbin/ubiattach
bitmain_firmware/z15pro-flash-card-7007/bin/update/update.no_header.image_extract/usr/sbin/ubidetach
bitmain_firmware/z15pro-flash-card-7007/bin/update/update.no_header.image_extract/usr/sbin/ubiformat
bitmain_firmware/z15pro-flash-card-7007/bin/update/update.no_header.image_extract/usr/sbin/ubimkvol
bitmain_firmware/z15pro-flash-card-7007/bin/update/update.no_header.image_extract/usr/sbin/ubinfo
bitmain_firmware/z15pro-flash-card-7007/bin/update/update.no_header.image_extract/usr/sbin/ubirmvol
bitmain_firmware/z15pro-flash-card-7007/update.no_header.image_extract/bin/busybox
bitmain_firmware/z15pro-flash-card-7007/update.no_header.image_extract/lib/debug/libstdc++.so.6.0.24
bitmain_firmware/z15pro-flash-card-7007/update.no_header.image_extract/lib/ld-2.25.so
bitmain_firmware/z15pro-flash-card-7007/update.no_header.image_extract/lib/libanl-2.25.so
bitmain_firmware/z15pro-flash-card-7007/update.no_header.image_extract/lib/libatomic.so.1.2.0
bitmain_firmware/z15pro-flash-card-7007/update.no_header.image_extract/lib/libc-2.25.so
bitmain_firmware/z15pro-flash-card-7007/update.no_header.image_extract/lib/libcrypt-2.25.so
bitmain_firmware/z15pro-flash-card-7007/update.no_header.image_extract/lib/libdl-2.25.so
bitmain_firmware/z15pro-flash-card-7007/update.no_header.image_extract/lib/libgcc_s.so.1
bitmain_firmware/z15pro-flash-card-7007/update.no_header.image_extract/lib/libm-2.25.so
bitmain_firmware/z15pro-flash-card-7007/update.no_header.image_extract/lib/libnsl-2.25.so
bitmain_firmware/z15pro-flash-card-7007/update.no_header.image_extract/lib/libnss_dns-2.25.so
bitmain_firmware/z15pro-flash-card-7007/update.no_header.image_extract/lib/libnss_files-2.25.so
bitmain_firmware/z15pro-flash-card-7007/update.no_header.image_extract/lib/libpthread-2.25.so
bitmain_firmware/z15pro-flash-card-7007/update.no_header.image_extract/lib/libresolv-2.25.so
bitmain_firmware/z15pro-flash-card-7007/update.no_header.image_extract/lib/librt-2.25.so
bitmain_firmware/z15pro-flash-card-7007/update.no_header.image_extract/lib/libstdc++.so.6.0.24
bitmain_firmware/z15pro-flash-card-7007/update.no_header.image_extract/lib/libutil-2.25.so
bitmain_firmware/z15pro-flash-card-7007/update.no_header.image_extract/sbin/halt
bitmain_firmware/z15pro-flash-card-7007/update.no_header.image_extract/sbin/init
bitmain_firmware/z15pro-flash-card-7007/update.no_header.image_extract/sbin/killall5
bitmain_firmware/z15pro-flash-card-7007/update.no_header.image_extract/sbin/shutdown
bitmain_firmware/z15pro-flash-card-7007/update.no_header.image_extract/usr/bin/FileParser
bitmain_firmware/z15pro-flash-card-7007/update.no_header.image_extract/usr/bin/openssl
bitmain_firmware/z15pro-flash-card-7007/update.no_header.image_extract/usr/bin/xmlwf
bitmain_firmware/z15pro-flash-card-7007/update.no_header.image_extract/usr/lib/libaio.so.1.0.1
bitmain_firmware/z15pro-flash-card-7007/update.no_header.image_extract/usr/lib/libcrypto.so.1.1
bitmain_firmware/z15pro-flash-card-7007/update.no_header.image_extract/usr/lib/libdaemon.so.0.5.0
bitmain_firmware/z15pro-flash-card-7007/update.no_header.image_extract/usr/lib/libevent-2.1.so.6.0.2
bitmain_firmware/z15pro-flash-card-7007/update.no_header.image_extract/usr/lib/libevent_core-2.1.so.6.0.2
bitmain_firmware/z15pro-flash-card-7007/update.no_header.image_extract/usr/lib/libevent_extra-2.1.so.6.0.2
bitmain_firmware/z15pro-flash-card-7007/update.no_header.image_extract/usr/lib/libevent_openssl-2.1.so.6.0.2
bitmain_firmware/z15pro-flash-card-7007/update.no_header.image_extract/usr/lib/libevent_pthreads-2.1.so.6.0.2
bitmain_firmware/z15pro-flash-card-7007/update.no_header.image_extract/usr/lib/libexpat.so.1.6.10
bitmain_firmware/z15pro-flash-card-7007/update.no_header.image_extract/usr/lib/libssl.so.1.1
bitmain_firmware/z15pro-flash-card-7007/update.no_header.image_extract/usr/lib/libz.so.1.2.11
bitmain_firmware/z15pro-flash-card-7007/update.no_header.image_extract/usr/sbin/flash_erase
bitmain_firmware/z15pro-flash-card-7007/update.no_header.image_extract/usr/sbin/mtdinfo
bitmain_firmware/z15pro-flash-card-7007/update.no_header.image_extract/usr/sbin/nanddump
bitmain_firmware/z15pro-flash-card-7007/update.no_header.image_extract/usr/sbin/nandwrite
bitmain_firmware/z15pro-flash-card-7007/update.no_header.image_extract/usr/sbin/ubiattach
bitmain_firmware/z15pro-flash-card-7007/update.no_header.image_extract/usr/sbin/ubidetach
bitmain_firmware/z15pro-flash-card-7007/update.no_header.image_extract/usr/sbin/ubiformat
bitmain_firmware/z15pro-flash-card-7007/update.no_header.image_extract/usr/sbin/ubimkvol
bitmain_firmware/z15pro-flash-card-7007/update.no_header.image_extract/usr/sbin/ubinfo
bitmain_firmware/z15pro-flash-card-7007/update.no_header.image_extract/usr/sbin/ubirmvol
bitmain_firmware/z15pro-flash-card-7007/uramdisk.no_header.image_extract/bin/busybox
bitmain_firmware/z15pro-flash-card-7007/uramdisk.no_header.image_extract/usr/lib/libcrypto.so.1.1
